<?xml version="1.0" encoding="UTF-8"?>
<!-- Generated by org.testng.reporters.JUnitReportReporter -->
<testsuite hostname="PF35M8AK" failures="0" tests="1" name="seleniumCourse.TestSet" time="1.413" errors="0" timestamp="2023-03-16T15:24:49 CET" skipped="0">
  <testcase classname="seleniumCourse.TestSet" name="dataHolderTest" time="1.413"/>
  <system-out/>
</testsuite> <!-- seleniumCourse.TestSet -->
