<?xml version="1.0" encoding="UTF-8"?>
<!-- Generated by org.testng.reporters.JUnitReportReporter -->
<testsuite hostname="PF35M8AK" failures="0" tests="3" name="seleniumCourse.TestSet" time="0.770" errors="0" timestamp="2023-03-06T15:12:15 CET" skipped="0">
  <testcase classname="seleniumCourse.TestSet" name="correctLogin" time="0.361"/>
  <system-out/>
  <testcase classname="seleniumCourse.TestSet" name="loginAsAdmin" time="0.214"/>
  <system-out/>
  <testcase classname="seleniumCourse.TestSet" name="incorrectLogin" time="0.195"/>
  <system-out/>
</testsuite> <!-- seleniumCourse.TestSet -->
