<?xml version="1.0" encoding="UTF-8"?>
<!-- Generated by org.testng.reporters.JUnitReportReporter -->
<testsuite hostname="PF35M8AK" failures="0" tests="3" name="seleniumCourse.TestSet" time="0.649" errors="0" timestamp="2023-03-09T17:48:53 CET" skipped="0">
  <testcase classname="seleniumCourse.TestSet" name="incorrectLogin" time="0.176"/>
  <system-out/>
  <testcase classname="seleniumCourse.TestSet" name="loginAsAdmin" time="0.204"/>
  <system-out/>
  <testcase classname="seleniumCourse.TestSet" name="correctLogin" time="0.269"/>
  <system-out/>
</testsuite> <!-- seleniumCourse.TestSet -->
